  main.cpp
d:\nico-course\graphics\final-project\gpa-2020-final-project\as2_framework\source\main.cpp(20): warning C4996: 'fopen': This function or variable may be unsafe. Consider using fopen_s instead. To disable deprecation, use _CRT_SECURE_NO_WARNINGS. See online help for details.
  c:\program files (x86)\windows kits\10\include\10.0.17763.0\ucrt\stdio.h(208): note: see declaration of 'fopen'
d:\nico-course\graphics\final-project\gpa-2020-final-project\as2_framework\source\main.cpp(282): warning C4101: 'picHeight': unreferenced local variable
d:\nico-course\graphics\final-project\gpa-2020-final-project\as2_framework\source\main.cpp(282): warning C4101: 'picWidth': unreferenced local variable
d:\nico-course\graphics\final-project\gpa-2020-final-project\as2_framework\source\main.cpp(416): warning C4018: '<': signed/unsigned mismatch
d:\nico-course\graphics\final-project\gpa-2020-final-project\as2_framework\source\main.cpp(418): warning C4018: '<': signed/unsigned mismatch
d:\nico-course\graphics\final-project\gpa-2020-final-project\as2_framework\source\main.cpp(673): warning C4018: '<': signed/unsigned mismatch
d:\nico-course\graphics\final-project\gpa-2020-final-project\as2_framework\source\main.cpp(675): warning C4018: '<': signed/unsigned mismatch
d:\nico-course\graphics\final-project\gpa-2020-final-project\as2_framework\source\main.cpp(1171): warning C4244: 'argument': conversion from 'int' to 'GLfloat', possible loss of data
d:\nico-course\graphics\final-project\gpa-2020-final-project\as2_framework\source\main.cpp(1172): warning C4244: 'argument': conversion from 'int' to 'GLfloat', possible loss of data
d:\nico-course\graphics\final-project\gpa-2020-final-project\as2_framework\source\main.cpp(1173): warning C4244: 'argument': conversion from 'int' to 'GLfloat', possible loss of data
d:\nico-course\graphics\final-project\gpa-2020-final-project\as2_framework\source\main.cpp(1175): warning C4244: 'initializing': conversion from 'int' to 'float', possible loss of data
d:\nico-course\graphics\final-project\gpa-2020-final-project\as2_framework\source\main.cpp(1279): warning C4244: 'argument': conversion from 'time_t' to 'unsigned int', possible loss of data
d:\nico-course\graphics\final-project\gpa-2020-final-project\as2_framework\source\main.cpp(1282): warning C4244: 'initializing': conversion from 'int' to 'float', possible loss of data
d:\nico-course\graphics\final-project\gpa-2020-final-project\as2_framework\source\main.cpp(1459): warning C4244: '=': conversion from 'int' to 'float', possible loss of data
d:\nico-course\graphics\final-project\gpa-2020-final-project\as2_framework\source\main.cpp(1460): warning C4244: '=': conversion from 'int' to 'float', possible loss of data
d:\nico-course\graphics\final-project\gpa-2020-final-project\as2_framework\source\main.cpp(1467): warning C4244: '=': conversion from 'int' to 'float', possible loss of data
d:\nico-course\graphics\final-project\gpa-2020-final-project\as2_framework\source\main.cpp(1468): warning C4244: '=': conversion from 'int' to 'float', possible loss of data
  AS2_Framework.vcxproj -> D:\nico-course\graphics\final-project\GPA-2020-Final-Project\AS2_Framework\VC14\Debug\AS2_Framework.exe
